Build started 7/3/2015 5:37:47 AM.
     1>Project "c:\Users\Bryce\documents\visual studio 2013\Projects\WordSnake\WordSnake\WordSnake.vcxproj" on node 2 (Build target(s)).
     1>ClCompile:
         C:\Program Files (x86)\Microsoft Visual Studio 12.0\VC\bin\CL.exe /c /ZI /nologo /W3 /WX- /sdl /Od /Oy- /D WIN32 /D _DEBUG /D _CONSOLE /D _LIB /D _UNICODE /D UNICODE /Gm /EHsc /RTC1 /MDd /GS /fp:precise /Zc:wchar_t /Zc:forScope /Fo"Debug\\" /Fd"Debug\vc120.pdb" /Gd /TP /analyze- /errorReport:prompt WordSnake.cpp
         WordSnake.cpp
     1>c:\users\bryce\documents\visual studio 2013\projects\wordsnake\wordsnake\wordsnake.cpp(36): error C2659: '=' : function as left operand
     1>Done Building Project "c:\Users\Bryce\documents\visual studio 2013\Projects\WordSnake\WordSnake\WordSnake.vcxproj" (Build target(s)) -- FAILED.

Build FAILED.

Time Elapsed 00:00:00.36
